2012-01-25 22:15:17,460 - mad_logger - INFO - RFID logger bot started.
2012-01-25 22:15:17,462 - mad_logger - INFO - Started RFID logger.
2012-01-25 22:15:28,555 - mad_logger - INFO - scharlesw: 'what's my name?
2012-01-25 22:15:28,563 - mad_logger - ERROR - fail in pubmsg handle: (<type 'exceptions.Exception'>) (not enough arguments for format string)
2012-01-25 22:15:40,863 - mad_logger - INFO - scharlesw: 'you're smart!
2012-01-25 22:15:40,866 - mad_logger - ERROR - fail in pubmsg handle: (<type 'exceptions.Exception'>) (not enough arguments for format string)
2012-01-25 22:15:49,722 - mad_logger - INFO - scharlesw: 'rock on husker du
2012-01-25 22:15:49,727 - mad_logger - ERROR - fail in pubmsg handle: (<type 'exceptions.Exception'>) (not enough arguments for format string)
2012-01-25 22:16:05,737 - mad_logger - INFO - scharlesw: 'you there?
2012-01-25 22:16:05,743 - mad_logger - ERROR - fail in pubmsg handle: (<type 'exceptions.Exception'>) (not enough arguments for format string)
2012-01-25 22:16:14,528 - mad_logger - INFO - scharlesw: 'what's my name?
2012-01-25 22:16:14,529 - mad_logger - ERROR - fail in pubmsg handle: (<type 'exceptions.Exception'>) (not enough arguments for format string)
2012-01-25 22:16:27,207 - mad_logger - INFO - scharlesw: 'who is god?
2012-01-25 22:16:27,209 - mad_logger - ERROR - fail in pubmsg handle: (<type 'exceptions.Exception'>) (not enough arguments for format string)
2012-02-07 22:21:21,308 - mad_logger - INFO - RFID logger bot started.
2012-02-07 22:21:21,336 - mad_logger - INFO - Started RFID logger.
2012-02-07 22:23:46,045 - mad_logger - INFO - scharlesw: 'yo madboy
2012-02-07 22:23:46,123 - mad_logger - ERROR - fail in pubmsg handle: (<type 'exceptions.Exception'>) (not enough arguments for format string)
2012-02-07 22:23:54,965 - mad_logger - INFO - scharlesw: 'what's my name
2012-02-07 22:23:54,968 - mad_logger - ERROR - fail in pubmsg handle: (<type 'exceptions.Exception'>) (not enough arguments for format string)
2012-02-07 22:24:04,775 - mad_logger - INFO - scharlesw: what's your name?
2012-02-07 22:24:04,776 - mad_logger - ERROR - fail in pubmsg handle: (<type 'exceptions.Exception'>) (local variable 'sayit' referenced before assignment)
2012-02-07 22:24:10,999 - mad_logger - INFO - scharlesw: 'what's your name?
2012-02-07 22:24:11,000 - mad_logger - ERROR - fail in pubmsg handle: (<type 'exceptions.Exception'>) (not enough arguments for format string)
2012-02-07 22:25:00,823 - mad_logger - INFO - scharlesw: yo fdjsflkjgslkgjs
2012-02-07 22:25:00,830 - mad_logger - ERROR - fail in pubmsg handle: (<type 'exceptions.Exception'>) (local variable 'sayit' referenced before assignment)
2012-02-07 22:25:35,594 - mad_logger - INFO - RFID logger bot started.
2012-02-07 22:25:35,596 - mad_logger - INFO - Started RFID logger.
2012-02-07 22:25:45,620 - mad_logger - INFO - scharlesw: testing one two
2012-02-07 22:25:53,621 - mad_logger - INFO - scharlesw: how are you?
2012-02-07 22:26:35,625 - mad_logger - INFO - we see: 1 aka steve
2012-02-07 22:27:19,489 - mad_logger - INFO - scharlesw: 'how old are you?
2012-02-07 22:27:19,506 - mad_logger - ERROR - fail in pubmsg handle: (<type 'exceptions.Exception'>) (not enough arguments for format string)
2012-02-07 22:27:25,508 - mad_logger - INFO - scharlesw: date
2012-02-07 22:27:26,509 - mad_logger - INFO - scharlesw: 'date
2012-02-07 22:27:26,513 - mad_logger - ERROR - fail in pubmsg handle: (<type 'exceptions.Exception'>) (not enough arguments for format string)
2012-02-07 22:27:36,489 - mad_logger - INFO - scharlesw: 'what is today's date?
2012-02-07 22:27:36,497 - mad_logger - ERROR - fail in pubmsg handle: (<type 'exceptions.Exception'>) (not enough arguments for format string)
2012-02-07 22:44:29,443 - mad_logger - INFO - RFID logger bot started.
2012-02-07 22:44:29,444 - mad_logger - INFO - Started RFID logger.
2012-02-07 22:45:03,461 - mad_logger - INFO - scharlesw: 'fuck you
2012-02-07 22:45:03,463 - mad_logger - ERROR - fail in pubmsg handle: (<type 'exceptions.Exception'>) (not enough arguments for format string)
2012-02-07 22:45:13,466 - mad_logger - INFO - scharlesw: 'eat a dick
2012-02-07 22:45:13,467 - mad_logger - ERROR - fail in pubmsg handle: (<type 'exceptions.Exception'>) (not enough arguments for format string)
2012-02-07 22:45:18,467 - mad_logger - INFO - scharlesw: 'fuck off
2012-02-07 22:45:18,469 - mad_logger - ERROR - fail in pubmsg handle: (<type 'exceptions.Exception'>) (not enough arguments for format string)
2012-02-07 22:45:31,471 - mad_logger - INFO - scharlesw: 'why are you rude
2012-02-07 22:45:31,478 - mad_logger - ERROR - fail in pubmsg handle: (<type 'exceptions.Exception'>) (not enough arguments for format string)
2012-02-07 22:45:45,480 - mad_logger - INFO - scharlesw: 'why are you rude
2012-02-07 22:45:45,482 - mad_logger - ERROR - fail in pubmsg handle: (<type 'exceptions.Exception'>) (not enough arguments for format string)
2012-02-07 22:46:04,065 - mad_logger - INFO - scharlesw: 'i am offended
2012-02-07 22:46:04,069 - mad_logger - ERROR - fail in pubmsg handle: (<type 'exceptions.Exception'>) (not enough arguments for format string)
2012-02-07 22:46:16,387 - mad_logger - INFO - scharlesw: 'i am offended dumbass
2012-02-07 22:46:16,389 - mad_logger - ERROR - fail in pubmsg handle: (<type 'exceptions.Exception'>) (not enough arguments for format string)
2012-02-07 22:46:29,391 - mad_logger - INFO - scharlesw: 'fuck you
2012-02-07 22:46:29,392 - mad_logger - ERROR - fail in pubmsg handle: (<type 'exceptions.Exception'>) (not enough arguments for format string)
2012-02-07 22:47:18,397 - mad_logger - INFO - scharlesw: 'insult
2012-02-07 22:47:18,404 - mad_logger - ERROR - fail in pubmsg handle: (<type 'exceptions.Exception'>) (not enough arguments for format string)
2012-02-07 22:47:27,866 - mad_logger - INFO - scharlesw: 'eat a dick
2012-02-07 22:47:27,868 - mad_logger - ERROR - fail in pubmsg handle: (<type 'exceptions.Exception'>) (not enough arguments for format string)
2012-02-07 22:47:36,872 - mad_logger - INFO - scharlesw: 'fuck
2012-02-07 22:47:36,874 - mad_logger - ERROR - fail in pubmsg handle: (<type 'exceptions.Exception'>) (not enough arguments for format string)
2012-02-07 22:47:45,875 - mad_logger - INFO - scharlesw: 'fuck you man
2012-02-07 22:47:45,877 - mad_logger - ERROR - fail in pubmsg handle: (<type 'exceptions.Exception'>) (not enough arguments for format string)
2012-02-07 22:47:54,877 - mad_logger - INFO - scharlesw: 'fuck you
2012-02-07 22:47:54,878 - mad_logger - ERROR - fail in pubmsg handle: (<type 'exceptions.Exception'>) (not enough arguments for format string)
2012-02-07 22:50:02,629 - mad_logger - INFO - RFID logger bot started.
2012-02-07 22:50:02,631 - mad_logger - INFO - Started RFID logger.
2012-02-07 22:51:39,421 - mad_logger - INFO - RFID logger bot started.
2012-02-07 22:51:39,425 - mad_logger - INFO - Started RFID logger.
2012-02-07 22:51:44,855 - mad_logger - INFO - scharlesw: 'fuckkkk
2012-02-07 22:51:44,867 - mad_logger - ERROR - fail in pubmsg handle: (<type 'exceptions.Exception'>) (not enough arguments for format string)
2012-02-07 22:51:50,868 - mad_logger - INFO - scharlesw: 'fuck you
2012-02-07 22:51:50,871 - mad_logger - ERROR - fail in pubmsg handle: (<type 'exceptions.Exception'>) (not enough arguments for format string)
2012-02-07 22:51:56,359 - mad_logger - INFO - scharlesw: 'fuck off
2012-02-07 22:51:56,363 - mad_logger - ERROR - fail in pubmsg handle: (<type 'exceptions.Exception'>) (not enough arguments for format string)
2012-02-07 22:51:59,846 - mad_logger - INFO - scharlesw: 'fuck you
2012-02-07 22:51:59,853 - mad_logger - ERROR - fail in pubmsg handle: (<type 'exceptions.Exception'>) (not enough arguments for format string)
2012-02-07 22:52:06,063 - mad_logger - INFO - scharlesw: 'get fucked
2012-02-07 22:52:06,064 - mad_logger - ERROR - fail in pubmsg handle: (<type 'exceptions.Exception'>) (not enough arguments for format string)
2012-02-07 22:52:11,640 - mad_logger - INFO - scharlesw: 'fuck that
2012-02-07 22:52:11,641 - mad_logger - ERROR - fail in pubmsg handle: (<type 'exceptions.Exception'>) (not enough arguments for format string)
2012-02-07 22:52:37,644 - mad_logger - INFO - scharlesw: 'fuck off
2012-02-07 22:52:37,645 - mad_logger - ERROR - fail in pubmsg handle: (<type 'exceptions.Exception'>) (not enough arguments for format string)
2012-02-07 22:52:51,647 - mad_logger - INFO - scharlesw: 'what religion are you
2012-02-07 22:52:51,651 - mad_logger - ERROR - fail in pubmsg handle: (<type 'exceptions.Exception'>) (not enough arguments for format string)
2012-02-07 22:52:59,652 - mad_logger - INFO - scharlesw: 'what is rasta
2012-02-07 22:52:59,654 - mad_logger - ERROR - fail in pubmsg handle: (<type 'exceptions.Exception'>) (not enough arguments for format string)
2012-02-07 22:53:07,095 - mad_logger - INFO - scharlesw: 'what is rastafarian
2012-02-07 22:53:07,107 - mad_logger - ERROR - fail in pubmsg handle: (<type 'exceptions.Exception'>) (not enough arguments for format string)
2012-02-07 22:53:13,920 - mad_logger - INFO - scharlesw: 'who are you
2012-02-07 22:53:13,922 - mad_logger - ERROR - fail in pubmsg handle: (<type 'exceptions.Exception'>) (not enough arguments for format string)
2012-02-07 22:53:20,799 - mad_logger - INFO - scharlesw: 'who am i
2012-02-07 22:53:20,801 - mad_logger - ERROR - fail in pubmsg handle: (<type 'exceptions.Exception'>) (not enough arguments for format string)
2012-02-07 22:54:07,268 - mad_logger - INFO - scharlesw: 'do you like stuff
2012-02-07 22:54:07,270 - mad_logger - ERROR - fail in pubmsg handle: (<type 'exceptions.Exception'>) (not enough arguments for format string)
2012-02-07 22:54:16,557 - mad_logger - INFO - scharlesw: 'do you like Hitler
2012-02-07 22:54:16,563 - mad_logger - ERROR - fail in pubmsg handle: (<type 'exceptions.Exception'>) (not enough arguments for format string)
2012-02-07 22:54:26,559 - mad_logger - INFO - scharlesw: 'jews
2012-02-07 22:54:26,562 - mad_logger - ERROR - fail in pubmsg handle: (<type 'exceptions.Exception'>) (not enough arguments for format string)
2012-02-07 22:56:21,658 - mad_logger - INFO - RFID logger bot started.
2012-02-07 22:56:21,660 - mad_logger - INFO - Started RFID logger.
2012-02-07 22:56:27,674 - mad_logger - INFO - scharlesw: 'rock dat shit
2012-02-07 22:56:44,676 - mad_logger - INFO - scharlesw: 'what you day?
2012-02-07 22:56:44,679 - mad_logger - INFO - madbot: I like to meet new people online.
2012-02-07 22:56:53,680 - mad_logger - INFO - scharlesw: 'rock dat shit
2012-02-07 22:56:57,679 - mad_logger - INFO - scharlesw: 'fuck you
2012-02-07 22:56:57,682 - mad_logger - INFO - madbot: Bounce!
2012-02-07 22:57:06,213 - mad_logger - INFO - scharlesw: 'rock that shit
2012-02-07 22:57:14,216 - mad_logger - INFO - scharlesw: 'smoke weed
2012-02-07 22:57:14,220 - mad_logger - INFO - madbot: Oh, you are a poet. What is your favorite color?
2012-02-07 22:57:18,821 - mad_logger - INFO - scharlesw: 'weed
2012-02-07 22:57:18,824 - mad_logger - INFO - madbot: That is a nice color. How do you feel?
2012-02-07 22:57:22,854 - mad_logger - INFO - scharlesw: 'weed
2012-02-07 22:57:22,858 - mad_logger - INFO - madbot: In the context of weed, I don't understand "That is a nice color. How do you feel?." What is your occupation?
2012-02-07 22:57:28,732 - mad_logger - INFO - scharlesw: 'fuck
2012-02-07 22:57:28,735 - mad_logger - INFO - madbot: Piss off.
2012-02-07 22:57:34,454 - mad_logger - INFO - scharlesw: 'fuck off
2012-02-07 22:57:34,456 - mad_logger - INFO - madbot: Fuck me? No, fuck you!
2012-02-07 22:57:37,996 - mad_logger - INFO - scharlesw: 'fuck that
2012-02-07 22:57:37,997 - mad_logger - INFO - madbot: For real.
2012-02-07 22:57:47,678 - mad_logger - INFO - scharlesw: 'do you like hitler?
2012-02-07 22:57:47,680 - mad_logger - INFO - madbot: He was kind of an asshole.
2012-02-07 22:59:36,527 - mad_logger - INFO - scharlesw: 'blow goats
2012-02-07 22:59:36,531 - mad_logger - INFO - madbot: My brain uses AIML to format responses to your inputs, but I don't have one for that. What is your favorite movie?
2012-02-07 22:59:47,529 - mad_logger - INFO - scharlesw: 'cik thig
2012-02-07 22:59:47,531 - mad_logger - INFO - madbot: I've never seen cik thig. I would like to see it.
2012-02-07 22:59:54,531 - mad_logger - INFO - scharlesw: 'no it sucks
2012-02-07 22:59:54,535 - mad_logger - INFO - madbot: Why so negative? What is so bad about it?
2012-02-07 23:00:03,537 - mad_logger - INFO - scharlesw: 'lame
2012-02-07 23:00:03,541 - mad_logger - INFO - madbot: The ALICE chat robot can follow many things, like our discussion about lame. But I did not get that. What color is your hair?
2012-02-07 23:00:14,942 - mad_logger - INFO - scharlesw: 'purps
2012-02-07 23:00:14,944 - mad_logger - INFO - madbot: purps is a nice hair color.
2012-02-07 23:00:21,945 - mad_logger - INFO - scharlesw: 'dogs are cute!
2012-02-07 23:00:21,947 - mad_logger - INFO - madbot: Try to determine if this is a person or a computer responding. What kind of food do you like?
2012-02-07 23:00:28,240 - mad_logger - INFO - scharlesw: 'dogs
2012-02-07 23:00:28,242 - mad_logger - INFO - madbot: Yeah I like Dogs and Cats.
2012-02-07 23:00:35,752 - mad_logger - INFO - scharlesw: 'cats stink
2012-02-07 23:00:35,756 - mad_logger - INFO - madbot: We have never talked about it before. Ask me something.
2012-02-07 23:00:42,480 - mad_logger - INFO - scharlesw: 'do you like cats?
2012-02-07 23:00:42,482 - mad_logger - INFO - madbot: Yes I love them.
