2012-03-01 22:17:13,574 - rfid_logger - INFO - RFID logger bot started.
2012-03-01 22:18:18,860 - rfid_logger - INFO - RFID logger bot started.
2012-03-01 22:18:18,862 - rfid_logger - INFO - Started RFID logger.
2012-03-01 22:19:56,231 - rfid_logger - INFO - RFID logger bot started.
2012-03-01 22:19:56,233 - rfid_logger - INFO - Started RFID logger.
2012-03-01 22:21:07,689 - rfid_logger - INFO - RFID logger bot started.
2012-03-01 22:21:07,718 - rfid_logger - INFO - Started RFID logger.
2012-03-03 12:40:48,813 - rfid_logger - INFO - RFID logger bot started.
2012-03-03 12:40:48,815 - rfid_logger - INFO - Started RFID logger.
2012-03-03 12:41:44,057 - rfid_logger - INFO - we see: 1 aka sdc
2012-03-03 12:42:23,436 - rfid_logger - INFO - RFID logger bot started.
2012-03-03 12:42:23,478 - rfid_logger - INFO - Started RFID logger.
2012-03-03 12:43:01,267 - rfid_logger - INFO - RFID logger bot started.
2012-03-03 12:43:01,268 - rfid_logger - INFO - Started RFID logger.
2012-03-03 12:43:20,288 - rfid_logger - INFO - we see: 1 aka sdc
2012-03-03 12:48:34,702 - rfid_logger - INFO - RFID logger bot started.
2012-03-03 12:48:34,938 - rfid_logger - INFO - Started RFID logger.
2012-03-03 12:49:41,166 - rfid_logger - INFO - RFID logger bot started.
2012-03-03 12:49:41,202 - rfid_logger - INFO - Started RFID logger.
2012-03-03 12:50:34,328 - rfid_logger - INFO - RFID logger bot started.
2012-03-03 12:50:34,364 - rfid_logger - INFO - Started RFID logger.
2012-03-03 12:50:47,593 - rfid_logger - INFO - we see: 1 aka sdc
2012-03-03 12:52:33,095 - rfid_logger - INFO - RFID logger bot started.
2012-03-03 12:52:33,135 - rfid_logger - INFO - Started RFID logger.
2012-03-03 12:53:18,168 - rfid_logger - INFO - RFID logger bot started.
2012-03-03 12:53:18,170 - rfid_logger - INFO - Started RFID logger.
2012-03-03 12:55:45,992 - rfid_logger - INFO - RFID logger bot started.
2012-03-03 12:55:46,017 - rfid_logger - INFO - Started RFID logger.
2012-03-03 12:55:53,873 - rfid_logger - ERROR - Strange: no username found in DB for user 99.
2012-03-03 12:56:39,300 - rfid_logger - INFO - RFID logger bot started.
2012-03-03 12:56:39,324 - rfid_logger - INFO - Started RFID logger.
2012-03-03 12:56:52,365 - rfid_logger - ERROR - Strange: no username found in DB for user 997.
2012-03-03 12:56:52,365 - rfid_logger - INFO - we see: 997 aka UNKNOWN
2012-03-03 12:58:39,048 - rfid_logger - INFO - RFID logger bot started.
2012-03-03 12:58:39,084 - rfid_logger - INFO - Started RFID logger.
2012-03-03 12:59:05,392 - rfid_logger - INFO - RFID logger bot started.
2012-03-03 12:59:05,393 - rfid_logger - INFO - Started RFID logger.
2012-03-03 12:59:18,414 - rfid_logger - ERROR - Strange: no username found in DB for user 9976.
2012-03-03 12:59:18,415 - rfid_logger - INFO - we see: 9976 aka UNKNOWN
2012-03-03 12:59:33,485 - rfid_logger - INFO - we see: 6 aka rod
